<?xml version="1.0" encoding="UTF-8"?>
<testng-results skipped="0" failed="0" ignored="0" total="1" passed="1">
  <reporter-output>
  </reporter-output>
  <suite name="Suite" duration-ms="22557" started-at="2020-11-06T09:47:13 IST" finished-at="2020-11-06T09:47:35 IST">
    <groups>
    </groups>
    <test name="Test" duration-ms="22557" started-at="2020-11-06T09:47:13 IST" finished-at="2020-11-06T09:47:35 IST">
      <class name="testcases.TestCase1">
        <test-method status="PASS" signature="ts01()[pri:0, instance:testcases.TestCase1@dbd940d]" name="ts01" duration-ms="22462" started-at="2020-11-06T09:47:13 IST" finished-at="2020-11-06T09:47:35 IST">
          <reporter-output>
          </reporter-output>
        </test-method> <!-- ts01 -->
      </class> <!-- testcases.TestCase1 -->
    </test> <!-- Test -->
  </suite> <!-- Suite -->
</testng-results>
